# JRE version: Java(TM) SE Runtime Environment (8.0_401) (build 1.8.0_401-b10)
# Java VM: Java HotSpot(TM) 64-Bit Server VM (25.401-b10 mixed mode windows-amd64 compressed oops)
Heap:
 PSYoungGen      total 241664K, used 56740K [0x000000076b780000, 0x000000077c100000, 0x00000007c0000000)
  eden space 225792K, 18% used [0x000000076b780000,0x000000076dfa4878,0x0000000779400000)
  from space 15872K, 98% used [0x000000077b180000,0x000000077c0c4b10,0x000000077c100000)
  to   space 19968K, 0% used [0x0000000779a00000,0x0000000779a00000,0x000000077ad80000)
 ParOldGen       total 157696K, used 19979K [0x00000006c2600000, 0x00000006cc000000, 0x000000076b780000)
  object space 157696K, 12% used [0x00000006c2600000,0x00000006c3982d60,0x00000006cc000000)
 Metaspace       used 49284K, capacity 52788K, committed 53120K, reserved 1095680K
  class space    used 6840K, capacity 7475K, committed 7552K, reserved 1048576K
GC Heap History (10 events):
Event: 6.186 GC heap before
{Heap before GC invocations=6 (full 1):
 PSYoungGen      total 112128K, used 111842K [0x000000076b780000, 0x0000000774680000, 0x00000007c0000000)
  eden space 106496K, 100% used [0x000000076b780000,0x0000000771f80000,0x0000000771f80000)
  from space 5632K, 94% used [0x0000000774100000,0x0000000774638a68,0x0000000774680000)
  to   space 10752K, 0% used [0x0000000773180000,0x0000000773180000,0x0000000773c00000)
 ParOldGen       total 94720K, used 7137K [0x00000006c2600000, 0x00000006c8280000, 0x000000076b780000)
  object space 94720K, 7% used [0x00000006c2600000,0x00000006c2cf85e0,0x00000006c8280000)
 Metaspace       used 27690K, capacity 29480K, committed 29696K, reserved 1075200K
  class space    used 3727K, capacity 4089K, committed 4096K, reserved 1048576K
Event: 6.198 GC heap after
Heap after GC invocations=6 (full 1):
 PSYoungGen      total 135680K, used 10723K [0x000000076b780000, 0x0000000777980000, 0x00000007c0000000)
  eden space 124928K, 0% used [0x000000076b780000,0x000000076b780000,0x0000000773180000)
  from space 10752K, 99% used [0x0000000773180000,0x0000000773bf8c80,0x0000000773c00000)
  to   space 13824K, 0% used [0x0000000776c00000,0x0000000776c00000,0x0000000777980000)
 ParOldGen       total 94720K, used 8992K [0x00000006c2600000, 0x00000006c8280000, 0x000000076b780000)
  object space 94720K, 9% used [0x00000006c2600000,0x00000006c2ec8120,0x00000006c8280000)
 Metaspace       used 27690K, capacity 29480K, committed 29696K, reserved 1075200K
  class space    used 3727K, capacity 4089K, committed 4096K, reserved 1048576K
}
Event: 7.185 GC heap before
{Heap before GC invocations=7 (full 1):
 PSYoungGen      total 135680K, used 110272K [0x000000076b780000, 0x0000000777980000, 0x00000007c0000000)
  eden space 124928K, 79% used [0x000000076b780000,0x00000007718b75d0,0x0000000773180000)
  from space 10752K, 99% used [0x0000000773180000,0x0000000773bf8c80,0x0000000773c00000)
  to   space 13824K, 0% used [0x0000000776c00000,0x0000000776c00000,0x0000000777980000)
 ParOldGen       total 94720K, used 8992K [0x00000006c2600000, 0x00000006c8280000, 0x000000076b780000)
  object space 94720K, 9% used [0x00000006c2600000,0x00000006c2ec8120,0x00000006c8280000)
 Metaspace       used 33232K, capacity 35420K, committed 35456K, reserved 1079296K
  class space    used 4524K, capacity 4966K, committed 4992K, reserved 1048576K
Event: 7.200 GC heap after
Heap after GC invocations=7 (full 1):
 PSYoungGen      total 181760K, used 13800K [0x000000076b780000, 0x0000000779b80000, 0x00000007c0000000)
  eden space 167936K, 0% used [0x000000076b780000,0x000000076b780000,0x0000000775b80000)
  from space 13824K, 99% used [0x0000000776c00000,0x000000077797a1f0,0x0000000777980000)
  to   space 16896K, 0% used [0x0000000775b80000,0x0000000775b80000,0x0000000776c00000)
 ParOldGen       total 94720K, used 11146K [0x00000006c2600000, 0x00000006c8280000, 0x000000076b780000)
  object space 94720K, 11% used [0x00000006c2600000,0x00000006c30e2b08,0x00000006c8280000)
 Metaspace       used 33232K, capacity 35420K, committed 35456K, reserved 1079296K
  class space    used 4524K, capacity 4966K, committed 4992K, reserved 1048576K
}
Event: 7.200 GC heap before
{Heap before GC invocations=8 (full 2):
 PSYoungGen      total 181760K, used 13800K [0x000000076b780000, 0x0000000779b80000, 0x00000007c0000000)
  eden space 167936K, 0% used [0x000000076b780000,0x000000076b780000,0x0000000775b80000)
  from space 13824K, 99% used [0x0000000776c00000,0x000000077797a1f0,0x0000000777980000)
  to   space 16896K, 0% used [0x0000000775b80000,0x0000000775b80000,0x0000000776c00000)
 ParOldGen       total 94720K, used 11146K [0x00000006c2600000, 0x00000006c8280000, 0x000000076b780000)
  object space 94720K, 11% used [0x00000006c2600000,0x00000006c30e2b08,0x00000006c8280000)
 Metaspace       used 33232K, capacity 35420K, committed 35456K, reserved 1079296K
  class space    used 4524K, capacity 4966K, committed 4992K, reserved 1048576K
Event: 7.279 GC heap after
Heap after GC invocations=8 (full 2):
 PSYoungGen      total 181760K, used 0K [0x000000076b780000, 0x0000000779b80000, 0x00000007c0000000)
  eden space 167936K, 0% used [0x000000076b780000,0x000000076b780000,0x0000000775b80000)
  from space 13824K, 0% used [0x0000000776c00000,0x0000000776c00000,0x0000000777980000)
  to   space 16896K, 0% used [0x0000000775b80000,0x0000000775b80000,0x0000000776c00000)
 ParOldGen       total 157696K, used 19955K [0x00000006c2600000, 0x00000006cc000000, 0x000000076b780000)
  object space 157696K, 12% used [0x00000006c2600000,0x00000006c397cd60,0x00000006cc000000)
 Metaspace       used 33232K, capacity 35420K, committed 35456K, reserved 1079296K
  class space    used 4524K, capacity 4966K, committed 4992K, reserved 1048576K
}
Event: 12.754 GC heap before
{Heap before GC invocations=9 (full 2):
 PSYoungGen      total 181760K, used 167936K [0x000000076b780000, 0x0000000779b80000, 0x00000007c0000000)
  eden space 167936K, 100% used [0x000000076b780000,0x0000000775b80000,0x0000000775b80000)
  from space 13824K, 0% used [0x0000000776c00000,0x0000000776c00000,0x0000000777980000)
  to   space 16896K, 0% used [0x0000000775b80000,0x0000000775b80000,0x0000000776c00000)
 ParOldGen       total 157696K, used 19955K [0x00000006c2600000, 0x00000006cc000000, 0x000000076b780000)
  object space 157696K, 12% used [0x00000006c2600000,0x00000006c397cd60,0x00000006cc000000)
 Metaspace       used 42966K, capacity 45936K, committed 46336K, reserved 1089536K
  class space    used 5999K, capacity 6547K, committed 6656K, reserved 1048576K
Event: 12.779 GC heap after
Heap after GC invocations=9 (full 2):
 PSYoungGen      total 184832K, used 14732K [0x000000076b780000, 0x000000077c380000, 0x00000007c0000000)
  eden space 167936K, 0% used [0x000000076b780000,0x000000076b780000,0x0000000775b80000)
  from space 16896K, 87% used [0x0000000775b80000,0x00000007769e3378,0x0000000776c00000)
  to   space 18432K, 0% used [0x000000077b180000,0x000000077b180000,0x000000077c380000)
 ParOldGen       total 157696K, used 19963K [0x00000006c2600000, 0x00000006cc000000, 0x000000076b780000)
  object space 157696K, 12% used [0x00000006c2600000,0x00000006c397ed60,0x00000006cc000000)
 Metaspace       used 42966K, capacity 45936K, committed 46336K, reserved 1089536K
  class space    used 5999K, capacity 6547K, committed 6656K, reserved 1048576K
}
Event: 1517.470 GC heap before
{Heap before GC invocations=10 (full 2):
 PSYoungGen      total 184832K, used 182668K [0x000000076b780000, 0x000000077c380000, 0x00000007c0000000)
  eden space 167936K, 100% used [0x000000076b780000,0x0000000775b80000,0x0000000775b80000)
  from space 16896K, 87% used [0x0000000775b80000,0x00000007769e3378,0x0000000776c00000)
  to   space 18432K, 0% used [0x000000077b180000,0x000000077b180000,0x000000077c380000)
 ParOldGen       total 157696K, used 19963K [0x00000006c2600000, 0x00000006cc000000, 0x000000076b780000)
  object space 157696K, 12% used [0x00000006c2600000,0x00000006c397ed60,0x00000006cc000000)
 Metaspace       used 49133K, capacity 52596K, committed 52864K, reserved 1095680K
  class space    used 6840K, capacity 7475K, committed 7552K, reserved 1048576K
Event: 1517.483 GC heap after
Heap after GC invocations=10 (full 2):
 PSYoungGen      total 241664K, used 15634K [0x000000076b780000, 0x000000077c100000, 0x00000007c0000000)
  eden space 225792K, 0% used [0x000000076b780000,0x000000076b780000,0x0000000779400000)
  from space 15872K, 98% used [0x000000077b180000,0x000000077c0c4b10,0x000000077c100000)
  to   space 19968K, 0% used [0x0000000779a00000,0x0000000779a00000,0x000000077ad80000)
 ParOldGen       total 157696K, used 19979K [0x00000006c2600000, 0x00000006cc000000, 0x000000076b780000)
  object space 157696K, 12% used [0x00000006c2600000,0x00000006c3982d60,0x00000006cc000000)
 Metaspace       used 49133K, capacity 52596K, committed 52864K, reserved 1095680K
  class space    used 6840K, capacity 7475K, committed 7552K, reserved 1048576K
}

