# JRE version: Java(TM) SE Runtime Environment (8.0_401) (build 1.8.0_401-b10)
# Java VM: Java HotSpot(TM) 64-Bit Server VM (25.401-b10 mixed mode windows-amd64 compressed oops)
Heap:
 PSYoungGen      total 172544K, used 146100K [0x0000000780b00000, 0x000000078cd00000, 0x00000007c0000000)
  eden space 149504K, 97% used [0x0000000780b00000,0x00000007898a5340,0x0000000789d00000)
  from space 23040K, 4% used [0x000000078b680000,0x000000078b788000,0x000000078cd00000)
  to   space 24576K, 0% used [0x0000000789d00000,0x0000000789d00000,0x000000078b500000)
 ParOldGen       total 97280K, used 28253K [0x0000000702000000, 0x0000000707f00000, 0x0000000780b00000)
  object space 97280K, 29% used [0x0000000702000000,0x0000000703b975b0,0x0000000707f00000)
 Metaspace       used 26967K, capacity 27742K, committed 27904K, reserved 1073152K
  class space    used 3030K, capacity 3220K, committed 3328K, reserved 1048576K
GC Heap History (10 events):
Event: 25.509 GC heap before
{Heap before GC invocations=9 (full 1):
 PSYoungGen      total 72192K, used 60385K [0x0000000780b00000, 0x0000000788300000, 0x00000007c0000000)
  eden space 47104K, 100% used [0x0000000780b00000,0x0000000783900000,0x0000000783900000)
  from space 25088K, 52% used [0x0000000783900000,0x00000007845f84e8,0x0000000785180000)
  to   space 23552K, 0% used [0x0000000786c00000,0x0000000786c00000,0x0000000788300000)
 ParOldGen       total 97280K, used 12606K [0x0000000702000000, 0x0000000707f00000, 0x0000000780b00000)
  object space 97280K, 12% used [0x0000000702000000,0x0000000702c4fa18,0x0000000707f00000)
 Metaspace       used 24673K, capacity 25354K, committed 25600K, reserved 1071104K
  class space    used 2851K, capacity 3055K, committed 3072K, reserved 1048576K
Event: 25.538 GC heap after
Heap after GC invocations=9 (full 1):
 PSYoungGen      total 97280K, used 14069K [0x0000000780b00000, 0x0000000788180000, 0x00000007c0000000)
  eden space 75264K, 0% used [0x0000000780b00000,0x0000000780b00000,0x0000000785480000)
  from space 22016K, 63% used [0x0000000786c00000,0x00000007879bd650,0x0000000788180000)
  to   space 23040K, 0% used [0x0000000785480000,0x0000000785480000,0x0000000786b00000)
 ParOldGen       total 97280K, used 12614K [0x0000000702000000, 0x0000000707f00000, 0x0000000780b00000)
  object space 97280K, 12% used [0x0000000702000000,0x0000000702c51a18,0x0000000707f00000)
 Metaspace       used 24673K, capacity 25354K, committed 25600K, reserved 1071104K
  class space    used 2851K, capacity 3055K, committed 3072K, reserved 1048576K
}
Event: 26.679 GC heap before
{Heap before GC invocations=10 (full 1):
 PSYoungGen      total 97280K, used 89333K [0x0000000780b00000, 0x0000000788180000, 0x00000007c0000000)
  eden space 75264K, 100% used [0x0000000780b00000,0x0000000785480000,0x0000000785480000)
  from space 22016K, 63% used [0x0000000786c00000,0x00000007879bd650,0x0000000788180000)
  to   space 23040K, 0% used [0x0000000785480000,0x0000000785480000,0x0000000786b00000)
 ParOldGen       total 97280K, used 12614K [0x0000000702000000, 0x0000000707f00000, 0x0000000780b00000)
  object space 97280K, 12% used [0x0000000702000000,0x0000000702c51a18,0x0000000707f00000)
 Metaspace       used 25274K, capacity 26066K, committed 26240K, reserved 1073152K
  class space    used 2914K, capacity 3115K, committed 3200K, reserved 1048576K
Event: 26.693 GC heap after
Heap after GC invocations=10 (full 1):
 PSYoungGen      total 98304K, used 13991K [0x0000000780b00000, 0x0000000789c80000, 0x00000007c0000000)
  eden space 75264K, 0% used [0x0000000780b00000,0x0000000780b00000,0x0000000785480000)
  from space 23040K, 60% used [0x0000000785480000,0x0000000786229c28,0x0000000786b00000)
  to   space 22528K, 0% used [0x0000000788680000,0x0000000788680000,0x0000000789c80000)
 ParOldGen       total 97280K, used 12614K [0x0000000702000000, 0x0000000707f00000, 0x0000000780b00000)
  object space 97280K, 12% used [0x0000000702000000,0x0000000702c51a18,0x0000000707f00000)
 Metaspace       used 25274K, capacity 26066K, committed 26240K, reserved 1073152K
  class space    used 2914K, capacity 3115K, committed 3200K, reserved 1048576K
}
Event: 27.315 GC heap before
{Heap before GC invocations=11 (full 1):
 PSYoungGen      total 98304K, used 89255K [0x0000000780b00000, 0x0000000789c80000, 0x00000007c0000000)
  eden space 75264K, 100% used [0x0000000780b00000,0x0000000785480000,0x0000000785480000)
  from space 23040K, 60% used [0x0000000785480000,0x0000000786229c28,0x0000000786b00000)
  to   space 22528K, 0% used [0x0000000788680000,0x0000000788680000,0x0000000789c80000)
 ParOldGen       total 97280K, used 12614K [0x0000000702000000, 0x0000000707f00000, 0x0000000780b00000)
  object space 97280K, 12% used [0x0000000702000000,0x0000000702c51a18,0x0000000707f00000)
 Metaspace       used 25413K, capacity 26230K, committed 26496K, reserved 1073152K
  class space    used 2917K, capacity 3121K, committed 3200K, reserved 1048576K
Event: 27.342 GC heap after
Heap after GC invocations=11 (full 1):
 PSYoungGen      total 125440K, used 1728K [0x0000000780b00000, 0x000000078a480000, 0x00000007c0000000)
  eden space 102912K, 0% used [0x0000000780b00000,0x0000000780b00000,0x0000000786f80000)
  from space 22528K, 7% used [0x0000000788680000,0x0000000788830010,0x0000000789c80000)
  to   space 23552K, 0% used [0x0000000786f80000,0x0000000786f80000,0x0000000788680000)
 ParOldGen       total 97280K, used 25400K [0x0000000702000000, 0x0000000707f00000, 0x0000000780b00000)
  object space 97280K, 26% used [0x0000000702000000,0x00000007038ce2d0,0x0000000707f00000)
 Metaspace       used 25413K, capacity 26230K, committed 26496K, reserved 1073152K
  class space    used 2917K, capacity 3121K, committed 3200K, reserved 1048576K
}
Event: 27.823 GC heap before
{Heap before GC invocations=12 (full 1):
 PSYoungGen      total 125440K, used 104640K [0x0000000780b00000, 0x000000078a480000, 0x00000007c0000000)
  eden space 102912K, 100% used [0x0000000780b00000,0x0000000786f80000,0x0000000786f80000)
  from space 22528K, 7% used [0x0000000788680000,0x0000000788830010,0x0000000789c80000)
  to   space 23552K, 0% used [0x0000000786f80000,0x0000000786f80000,0x0000000788680000)
 ParOldGen       total 97280K, used 25400K [0x0000000702000000, 0x0000000707f00000, 0x0000000780b00000)
  object space 97280K, 26% used [0x0000000702000000,0x00000007038ce2d0,0x0000000707f00000)
 Metaspace       used 25494K, capacity 26300K, committed 26496K, reserved 1073152K
  class space    used 2918K, capacity 3122K, committed 3200K, reserved 1048576K
Event: 27.836 GC heap after
Heap after GC invocations=12 (full 1):
 PSYoungGen      total 126464K, used 1280K [0x0000000780b00000, 0x000000078ce00000, 0x00000007c0000000)
  eden space 102912K, 0% used [0x0000000780b00000,0x0000000780b00000,0x0000000786f80000)
  from space 23552K, 5% used [0x0000000786f80000,0x00000007870c0010,0x0000000788680000)
  to   space 24064K, 0% used [0x000000078b680000,0x000000078b680000,0x000000078ce00000)
 ParOldGen       total 97280K, used 27013K [0x0000000702000000, 0x0000000707f00000, 0x0000000780b00000)
  object space 97280K, 27% used [0x0000000702000000,0x0000000703a61480,0x0000000707f00000)
 Metaspace       used 25494K, capacity 26300K, committed 26496K, reserved 1073152K
  class space    used 2918K, capacity 3122K, committed 3200K, reserved 1048576K
}
Event: 28.499 GC heap before
{Heap before GC invocations=13 (full 1):
 PSYoungGen      total 126464K, used 104192K [0x0000000780b00000, 0x000000078ce00000, 0x00000007c0000000)
  eden space 102912K, 100% used [0x0000000780b00000,0x0000000786f80000,0x0000000786f80000)
  from space 23552K, 5% used [0x0000000786f80000,0x00000007870c0010,0x0000000788680000)
  to   space 24064K, 0% used [0x000000078b680000,0x000000078b680000,0x000000078ce00000)
 ParOldGen       total 97280K, used 27013K [0x0000000702000000, 0x0000000707f00000, 0x0000000780b00000)
  object space 97280K, 27% used [0x0000000702000000,0x0000000703a61480,0x0000000707f00000)
 Metaspace       used 25515K, capacity 26364K, committed 26496K, reserved 1073152K
  class space    used 2918K, capacity 3122K, committed 3200K, reserved 1048576K
Event: 28.504 GC heap after
Heap after GC invocations=13 (full 1):
 PSYoungGen      total 172544K, used 1056K [0x0000000780b00000, 0x000000078cd00000, 0x00000007c0000000)
  eden space 149504K, 0% used [0x0000000780b00000,0x0000000780b00000,0x0000000789d00000)
  from space 23040K, 4% used [0x000000078b680000,0x000000078b788000,0x000000078cd00000)
  to   space 24576K, 0% used [0x0000000789d00000,0x0000000789d00000,0x000000078b500000)
 ParOldGen       total 97280K, used 28253K [0x0000000702000000, 0x0000000707f00000, 0x0000000780b00000)
  object space 97280K, 29% used [0x0000000702000000,0x0000000703b975b0,0x0000000707f00000)
 Metaspace       used 25515K, capacity 26364K, committed 26496K, reserved 1073152K
  class space    used 2918K, capacity 3122K, committed 3200K, reserved 1048576K
}

